Started GET "/" for 127.0.0.1 at 2018-06-27 10:39:34 -0400
Processing by ApplicationController#hello as HTML
  Rendering html template
  Rendered html template (0.0ms)
Completed 200 OK in 12ms (Views: 5.8ms | ActiveRecord: 0.0ms)


Started GET "/" for 127.0.0.1 at 2018-06-27 11:20:02 -0400
Processing by ApplicationController#hello as HTML
  Rendering html template
  Rendered html template (0.0ms)
Completed 200 OK in 12ms (Views: 4.0ms | ActiveRecord: 0.0ms)


  [1m[35m (0.3ms)[0m  [1m[35mDROP DATABASE IF EXISTS "toy_app_development"[0m
  ↳ /usr/local/lib/ruby/gems/2.5.0/gems/rake-12.3.1/lib/rake/application.rb:83
  [1m[35m (0.1ms)[0m  [1m[35mDROP DATABASE IF EXISTS "toy_app_test"[0m
  ↳ /usr/local/lib/ruby/gems/2.5.0/gems/rake-12.3.1/lib/rake/application.rb:83
  [1m[35m (640.8ms)[0m  [1m[35mCREATE DATABASE "toy_app_development" ENCODING = 'utf8'[0m
  ↳ /usr/local/lib/ruby/gems/2.5.0/gems/rake-12.3.1/lib/rake/application.rb:83
  [1m[35m (451.9ms)[0m  [1m[35mCREATE DATABASE "toy_app_test" ENCODING = 'utf8'[0m
  ↳ /usr/local/lib/ruby/gems/2.5.0/gems/rake-12.3.1/lib/rake/application.rb:83
  [1m[35m (22.8ms)[0m  [1m[35mCREATE TABLE "schema_migrations" ("version" character varying NOT NULL PRIMARY KEY)[0m
  ↳ /usr/local/lib/ruby/gems/2.5.0/gems/rake-12.3.1/lib/rake/application.rb:83
  [1m[35m (10.0ms)[0m  [1m[35mCREATE TABLE "ar_internal_metadata" ("key" character varying NOT NULL PRIMARY KEY, "value" character varying, "created_at" timestamp NOT NULL, "updated_at" timestamp NOT NULL)[0m
  ↳ /usr/local/lib/ruby/gems/2.5.0/gems/rake-12.3.1/lib/rake/application.rb:83
  [1m[35m (0.7ms)[0m  [1m[34mSELECT pg_try_advisory_lock(3007486047720898170)[0m
  ↳ /usr/local/lib/ruby/gems/2.5.0/gems/rake-12.3.1/lib/rake/application.rb:83
  [1m[35m (1.3ms)[0m  [1m[34mSELECT "schema_migrations"."version" FROM "schema_migrations" ORDER BY "schema_migrations"."version" ASC[0m
  ↳ /usr/local/lib/ruby/gems/2.5.0/gems/rake-12.3.1/lib/rake/application.rb:83
  [1m[36mActiveRecord::InternalMetadata Load (1.0ms)[0m  [1m[34mSELECT  "ar_internal_metadata".* FROM "ar_internal_metadata" WHERE "ar_internal_metadata"."key" = $1 LIMIT $2[0m  [["key", "environment"], ["LIMIT", 1]]
  ↳ /usr/local/lib/ruby/gems/2.5.0/gems/rake-12.3.1/lib/rake/application.rb:83
  [1m[35m (0.2ms)[0m  [1m[35mBEGIN[0m
  ↳ /usr/local/lib/ruby/gems/2.5.0/gems/rake-12.3.1/lib/rake/application.rb:83
  [1m[36mActiveRecord::InternalMetadata Create (4.1ms)[0m  [1m[32mINSERT INTO "ar_internal_metadata" ("key", "value", "created_at", "updated_at") VALUES ($1, $2, $3, $4) RETURNING "key"[0m  [["key", "environment"], ["value", "development"], ["created_at", "2018-06-27 18:59:34.486594"], ["updated_at", "2018-06-27 18:59:34.486594"]]
  ↳ /usr/local/lib/ruby/gems/2.5.0/gems/rake-12.3.1/lib/rake/application.rb:83
  [1m[35m (6.7ms)[0m  [1m[35mCOMMIT[0m
  ↳ /usr/local/lib/ruby/gems/2.5.0/gems/rake-12.3.1/lib/rake/application.rb:83
  [1m[35m (0.3ms)[0m  [1m[34mSELECT pg_advisory_unlock(3007486047720898170)[0m
  ↳ /usr/local/lib/ruby/gems/2.5.0/gems/rake-12.3.1/lib/rake/application.rb:83
  [1m[35m (0.3ms)[0m  [1m[34mSELECT "schema_migrations"."version" FROM "schema_migrations" ORDER BY "schema_migrations"."version" ASC[0m
  ↳ /usr/local/lib/ruby/gems/2.5.0/gems/rake-12.3.1/lib/rake/application.rb:83
Started GET "/" for 127.0.0.1 at 2018-06-27 15:01:04 -0400
Processing by ApplicationController#hello as HTML
  Rendering html template
  Rendered html template (0.1ms)
Completed 200 OK in 13ms (Views: 6.1ms | ActiveRecord: 0.0ms)


Started GET "/" for 127.0.0.1 at 2018-06-27 15:06:36 -0400
Processing by ApplicationController#hello as HTML
  Rendering html template
  Rendered html template (0.0ms)
Completed 200 OK in 1ms (Views: 0.3ms | ActiveRecord: 0.0ms)


Started GET "/" for 127.0.0.1 at 2018-06-27 15:35:00 -0400
Processing by MainController#index as HTML
  Rendering main/index.html.erb within layouts/application
  Rendered main/index.html.erb within layouts/application (1.6ms)
Completed 200 OK in 762ms (Views: 751.3ms | ActiveRecord: 0.0ms)


Started GET "/" for 127.0.0.1 at 2018-06-27 15:48:36 -0400
Processing by MainController#index as HTML
  Rendering main/index.html.erb within layouts/application
  Rendered main/index.html.erb within layouts/application (0.8ms)
Completed 200 OK in 199ms (Views: 191.6ms | ActiveRecord: 0.0ms)


Started GET "/" for 127.0.0.1 at 2018-06-27 15:59:41 -0400
Processing by MainController#index as HTML
  Rendering main/index.html.erb within layouts/application
  Rendered main/index.html.erb within layouts/application (0.5ms)
Completed 200 OK in 181ms (Views: 174.3ms | ActiveRecord: 0.0ms)


